{
  "total_runs": 50,
  "parallelism": 5,
  "failures": 18,
  "repro_rate": 0.36,
  "results": [
    {
      "attempt": 0,
      "exit_code": 1,
      "stdout": "============================= test session starts ==============================\nplatform darwin -- Python 3.13.11, pytest-9.0.2, pluggy-1.6.0\nrootdir: /private/var/folders/ws/932vsyg91mn3fgw919lm0tbw0000gn/T/tmp9jdwiplg\nconfigfile: pyproject.toml\nplugins: anyio-4.12.1\ncollected 1 item\n\ntests/test_flaky.py F                                                    [100%]\n\n=================================== FAILURES ===================================\n________________ test_order_processing_is_eventually_consistent ________________\n\n    def test_order_processing_is_eventually_consistent():\n        \"\"\"\n        This test simulates a classic real-world flake:\n        - timing sensitivity\n        - randomness\n        - implicit assumptions about consistency\n        \"\"\"\n        # Seed can be controlled externally (RunPod sets this)\n        seed = os.getenv(\"TEST_SEED\")\n        if seed:\n            random.seed(int(seed))\n        # Simulate async / eventual behavior\n        processing_time = random.uniform(0.0, 0.3)\n        time.sleep(processing_time)\n        # Simulate race condition / timing window\n        # 15\u201325% failure rate depending on timing + seed\n        success_threshold = 0.18\n>       assert (\n            processing_time < success_threshold\n        ), f\"Order not processed in time (took {processing_time:.3f}s)\"\nE       AssertionError: Order not processed in time (took 0.204s)\nE       assert 0.20438674044318747 < 0.18\n\ntests/test_flaky.py:23: AssertionError\n=========================== short test summary info ============================\nFAILED tests/test_flaky.py::test_order_processing_is_eventually_consistent - ...\n============================== 1 failed in 0.22s ===============================\n",
      "stderr": "",
      "passed": false
    },
    {
      "attempt": 1,
      "exit_code": 0,
      "stdout": "============================= test session starts ==============================\nplatform darwin -- Python 3.13.11, pytest-9.0.2, pluggy-1.6.0\nrootdir: /private/var/folders/ws/932vsyg91mn3fgw919lm0tbw0000gn/T/tmp9jdwiplg\nconfigfile: pyproject.toml\nplugins: anyio-4.12.1\ncollected 1 item\n\ntests/test_flaky.py .                                                    [100%]\n\n============================== 1 passed in 0.09s ===============================\n",
      "stderr": "",
      "passed": true
    },
    {
      "attempt": 2,
      "exit_code": 0,
      "stdout": "============================= test session starts ==============================\nplatform darwin -- Python 3.13.11, pytest-9.0.2, pluggy-1.6.0\nrootdir: /private/var/folders/ws/932vsyg91mn3fgw919lm0tbw0000gn/T/tmp9jdwiplg\nconfigfile: pyproject.toml\nplugins: anyio-4.12.1\ncollected 1 item\n\ntests/test_flaky.py .                                                    [100%]\n\n============================== 1 passed in 0.12s ===============================\n",
      "stderr": "",
      "passed": true
    },
    {
      "attempt": 3,
      "exit_code": 0,
      "stdout": "============================= test session starts ==============================\nplatform darwin -- Python 3.13.11, pytest-9.0.2, pluggy-1.6.0\nrootdir: /private/var/folders/ws/932vsyg91mn3fgw919lm0tbw0000gn/T/tmp9jdwiplg\nconfigfile: pyproject.toml\nplugins: anyio-4.12.1\ncollected 1 item\n\ntests/test_flaky.py .                                                    [100%]\n\n============================== 1 passed in 0.04s ===============================\n",
      "stderr": "",
      "passed": true
    },
    {
      "attempt": 4,
      "exit_code": 1,
      "stdout": "============================= test session starts ==============================\nplatform darwin -- Python 3.13.11, pytest-9.0.2, pluggy-1.6.0\nrootdir: /private/var/folders/ws/932vsyg91mn3fgw919lm0tbw0000gn/T/tmp9jdwiplg\nconfigfile: pyproject.toml\nplugins: anyio-4.12.1\ncollected 1 item\n\ntests/test_flaky.py F                                                    [100%]\n\n=================================== FAILURES ===================================\n________________ test_order_processing_is_eventually_consistent ________________\n\n    def test_order_processing_is_eventually_consistent():\n        \"\"\"\n        This test simulates a classic real-world flake:\n        - timing sensitivity\n        - randomness\n        - implicit assumptions about consistency\n        \"\"\"\n        # Seed can be controlled externally (RunPod sets this)\n        seed = os.getenv(\"TEST_SEED\")\n        if seed:\n            random.seed(int(seed))\n        # Simulate async / eventual behavior\n        processing_time = random.uniform(0.0, 0.3)\n        time.sleep(processing_time)\n        # Simulate race condition / timing window\n        # 15\u201325% failure rate depending on timing + seed\n        success_threshold = 0.18\n>       assert (\n            processing_time < success_threshold\n        ), f\"Order not processed in time (took {processing_time:.3f}s)\"\nE       AssertionError: Order not processed in time (took 0.266s)\nE       assert 0.2663747309987075 < 0.18\n\ntests/test_flaky.py:23: AssertionError\n=========================== short test summary info ============================\nFAILED tests/test_flaky.py::test_order_processing_is_eventually_consistent - ...\n============================== 1 failed in 0.29s ===============================\n",
      "stderr": "",
      "passed": false
    },
    {
      "attempt": 5,
      "exit_code": 1,
      "stdout": "============================= test session starts ==============================\nplatform darwin -- Python 3.13.11, pytest-9.0.2, pluggy-1.6.0\nrootdir: /private/var/folders/ws/932vsyg91mn3fgw919lm0tbw0000gn/T/tmp9jdwiplg\nconfigfile: pyproject.toml\nplugins: anyio-4.12.1\ncollected 1 item\n\ntests/test_flaky.py F                                                    [100%]\n\n=================================== FAILURES ===================================\n________________ test_order_processing_is_eventually_consistent ________________\n\n    def test_order_processing_is_eventually_consistent():\n        \"\"\"\n        This test simulates a classic real-world flake:\n        - timing sensitivity\n        - randomness\n        - implicit assumptions about consistency\n        \"\"\"\n        # Seed can be controlled externally (RunPod sets this)\n        seed = os.getenv(\"TEST_SEED\")\n        if seed:\n            random.seed(int(seed))\n        # Simulate async / eventual behavior\n        processing_time = random.uniform(0.0, 0.3)\n        time.sleep(processing_time)\n        # Simulate race condition / timing window\n        # 15\u201325% failure rate depending on timing + seed\n        success_threshold = 0.18\n>       assert (\n            processing_time < success_threshold\n        ), f\"Order not processed in time (took {processing_time:.3f}s)\"\nE       AssertionError: Order not processed in time (took 0.208s)\nE       assert 0.20750904659768263 < 0.18\n\ntests/test_flaky.py:23: AssertionError\n=========================== short test summary info ============================\nFAILED tests/test_flaky.py::test_order_processing_is_eventually_consistent - ...\n============================== 1 failed in 0.23s ===============================\n",
      "stderr": "",
      "passed": false
    },
    {
      "attempt": 6,
      "exit_code": 0,
      "stdout": "============================= test session starts ==============================\nplatform darwin -- Python 3.13.11, pytest-9.0.2, pluggy-1.6.0\nrootdir: /private/var/folders/ws/932vsyg91mn3fgw919lm0tbw0000gn/T/tmp9jdwiplg\nconfigfile: pyproject.toml\nplugins: anyio-4.12.1\ncollected 1 item\n\ntests/test_flaky.py .                                                    [100%]\n\n============================== 1 passed in 0.14s ===============================\n",
      "stderr": "",
      "passed": true
    },
    {
      "attempt": 7,
      "exit_code": 0,
      "stdout": "============================= test session starts ==============================\nplatform darwin -- Python 3.13.11, pytest-9.0.2, pluggy-1.6.0\nrootdir: /private/var/folders/ws/932vsyg91mn3fgw919lm0tbw0000gn/T/tmp9jdwiplg\nconfigfile: pyproject.toml\nplugins: anyio-4.12.1\ncollected 1 item\n\ntests/test_flaky.py .                                                    [100%]\n\n============================== 1 passed in 0.18s ===============================\n",
      "stderr": "",
      "passed": true
    },
    {
      "attempt": 8,
      "exit_code": 0,
      "stdout": "============================= test session starts ==============================\nplatform darwin -- Python 3.13.11, pytest-9.0.2, pluggy-1.6.0\nrootdir: /private/var/folders/ws/932vsyg91mn3fgw919lm0tbw0000gn/T/tmp9jdwiplg\nconfigfile: pyproject.toml\nplugins: anyio-4.12.1\ncollected 1 item\n\ntests/test_flaky.py .                                                    [100%]\n\n============================== 1 passed in 0.06s ===============================\n",
      "stderr": "",
      "passed": true
    },
    {
      "attempt": 9,
      "exit_code": 1,
      "stdout": "============================= test session starts ==============================\nplatform darwin -- Python 3.13.11, pytest-9.0.2, pluggy-1.6.0\nrootdir: /private/var/folders/ws/932vsyg91mn3fgw919lm0tbw0000gn/T/tmp9jdwiplg\nconfigfile: pyproject.toml\nplugins: anyio-4.12.1\ncollected 1 item\n\ntests/test_flaky.py F                                                    [100%]\n\n=================================== FAILURES ===================================\n________________ test_order_processing_is_eventually_consistent ________________\n\n    def test_order_processing_is_eventually_consistent():\n        \"\"\"\n        This test simulates a classic real-world flake:\n        - timing sensitivity\n        - randomness\n        - implicit assumptions about consistency\n        \"\"\"\n        # Seed can be controlled externally (RunPod sets this)\n        seed = os.getenv(\"TEST_SEED\")\n        if seed:\n            random.seed(int(seed))\n        # Simulate async / eventual behavior\n        processing_time = random.uniform(0.0, 0.3)\n        time.sleep(processing_time)\n        # Simulate race condition / timing window\n        # 15\u201325% failure rate depending on timing + seed\n        success_threshold = 0.18\n>       assert (\n            processing_time < success_threshold\n        ), f\"Order not processed in time (took {processing_time:.3f}s)\"\nE       AssertionError: Order not processed in time (took 0.234s)\nE       assert 0.23370159753445052 < 0.18\n\ntests/test_flaky.py:23: AssertionError\n=========================== short test summary info ============================\nFAILED tests/test_flaky.py::test_order_processing_is_eventually_consistent - ...\n============================== 1 failed in 0.25s ===============================\n",
      "stderr": "",
      "passed": false
    },
    {
      "attempt": 10,
      "exit_code": 0,
      "stdout": "============================= test session starts ==============================\nplatform darwin -- Python 3.13.11, pytest-9.0.2, pluggy-1.6.0\nrootdir: /private/var/folders/ws/932vsyg91mn3fgw919lm0tbw0000gn/T/tmp9jdwiplg\nconfigfile: pyproject.toml\nplugins: anyio-4.12.1\ncollected 1 item\n\ntests/test_flaky.py .                                                    [100%]\n\n============================== 1 passed in 0.13s ===============================\n",
      "stderr": "",
      "passed": true
    },
    {
      "attempt": 11,
      "exit_code": 0,
      "stdout": "============================= test session starts ==============================\nplatform darwin -- Python 3.13.11, pytest-9.0.2, pluggy-1.6.0\nrootdir: /private/var/folders/ws/932vsyg91mn3fgw919lm0tbw0000gn/T/tmp9jdwiplg\nconfigfile: pyproject.toml\nplugins: anyio-4.12.1\ncollected 1 item\n\ntests/test_flaky.py .                                                    [100%]\n\n============================== 1 passed in 0.05s ===============================\n",
      "stderr": "",
      "passed": true
    },
    {
      "attempt": 12,
      "exit_code": 0,
      "stdout": "============================= test session starts ==============================\nplatform darwin -- Python 3.13.11, pytest-9.0.2, pluggy-1.6.0\nrootdir: /private/var/folders/ws/932vsyg91mn3fgw919lm0tbw0000gn/T/tmp9jdwiplg\nconfigfile: pyproject.toml\nplugins: anyio-4.12.1\ncollected 1 item\n\ntests/test_flaky.py .                                                    [100%]\n\n============================== 1 passed in 0.08s ===============================\n",
      "stderr": "",
      "passed": true
    },
    {
      "attempt": 13,
      "exit_code": 1,
      "stdout": "============================= test session starts ==============================\nplatform darwin -- Python 3.13.11, pytest-9.0.2, pluggy-1.6.0\nrootdir: /private/var/folders/ws/932vsyg91mn3fgw919lm0tbw0000gn/T/tmp9jdwiplg\nconfigfile: pyproject.toml\nplugins: anyio-4.12.1\ncollected 1 item\n\ntests/test_flaky.py F                                                    [100%]\n\n=================================== FAILURES ===================================\n________________ test_order_processing_is_eventually_consistent ________________\n\n    def test_order_processing_is_eventually_consistent():\n        \"\"\"\n        This test simulates a classic real-world flake:\n        - timing sensitivity\n        - randomness\n        - implicit assumptions about consistency\n        \"\"\"\n        # Seed can be controlled externally (RunPod sets this)\n        seed = os.getenv(\"TEST_SEED\")\n        if seed:\n            random.seed(int(seed))\n        # Simulate async / eventual behavior\n        processing_time = random.uniform(0.0, 0.3)\n        time.sleep(processing_time)\n        # Simulate race condition / timing window\n        # 15\u201325% failure rate depending on timing + seed\n        success_threshold = 0.18\n>       assert (\n            processing_time < success_threshold\n        ), f\"Order not processed in time (took {processing_time:.3f}s)\"\nE       AssertionError: Order not processed in time (took 0.217s)\nE       assert 0.21663760024439616 < 0.18\n\ntests/test_flaky.py:23: AssertionError\n=========================== short test summary info ============================\nFAILED tests/test_flaky.py::test_order_processing_is_eventually_consistent - ...\n============================== 1 failed in 0.23s ===============================\n",
      "stderr": "",
      "passed": false
    },
    {
      "attempt": 14,
      "exit_code": 0,
      "stdout": "============================= test session starts ==============================\nplatform darwin -- Python 3.13.11, pytest-9.0.2, pluggy-1.6.0\nrootdir: /private/var/folders/ws/932vsyg91mn3fgw919lm0tbw0000gn/T/tmp9jdwiplg\nconfigfile: pyproject.toml\nplugins: anyio-4.12.1\ncollected 1 item\n\ntests/test_flaky.py .                                                    [100%]\n\n============================== 1 passed in 0.11s ===============================\n",
      "stderr": "",
      "passed": true
    },
    {
      "attempt": 15,
      "exit_code": 0,
      "stdout": "============================= test session starts ==============================\nplatform darwin -- Python 3.13.11, pytest-9.0.2, pluggy-1.6.0\nrootdir: /private/var/folders/ws/932vsyg91mn3fgw919lm0tbw0000gn/T/tmp9jdwiplg\nconfigfile: pyproject.toml\nplugins: anyio-4.12.1\ncollected 1 item\n\ntests/test_flaky.py .                                                    [100%]\n\n============================== 1 passed in 0.17s ===============================\n",
      "stderr": "",
      "passed": true
    },
    {
      "attempt": 16,
      "exit_code": 1,
      "stdout": "============================= test session starts ==============================\nplatform darwin -- Python 3.13.11, pytest-9.0.2, pluggy-1.6.0\nrootdir: /private/var/folders/ws/932vsyg91mn3fgw919lm0tbw0000gn/T/tmp9jdwiplg\nconfigfile: pyproject.toml\nplugins: anyio-4.12.1\ncollected 1 item\n\ntests/test_flaky.py F                                                    [100%]\n\n=================================== FAILURES ===================================\n________________ test_order_processing_is_eventually_consistent ________________\n\n    def test_order_processing_is_eventually_consistent():\n        \"\"\"\n        This test simulates a classic real-world flake:\n        - timing sensitivity\n        - randomness\n        - implicit assumptions about consistency\n        \"\"\"\n        # Seed can be controlled externally (RunPod sets this)\n        seed = os.getenv(\"TEST_SEED\")\n        if seed:\n            random.seed(int(seed))\n        # Simulate async / eventual behavior\n        processing_time = random.uniform(0.0, 0.3)\n        time.sleep(processing_time)\n        # Simulate race condition / timing window\n        # 15\u201325% failure rate depending on timing + seed\n        success_threshold = 0.18\n>       assert (\n            processing_time < success_threshold\n        ), f\"Order not processed in time (took {processing_time:.3f}s)\"\nE       AssertionError: Order not processed in time (took 0.196s)\nE       assert 0.19631631302203614 < 0.18\n\ntests/test_flaky.py:23: AssertionError\n=========================== short test summary info ============================\nFAILED tests/test_flaky.py::test_order_processing_is_eventually_consistent - ...\n============================== 1 failed in 0.21s ===============================\n",
      "stderr": "",
      "passed": false
    },
    {
      "attempt": 17,
      "exit_code": 0,
      "stdout": "============================= test session starts ==============================\nplatform darwin -- Python 3.13.11, pytest-9.0.2, pluggy-1.6.0\nrootdir: /private/var/folders/ws/932vsyg91mn3fgw919lm0tbw0000gn/T/tmp9jdwiplg\nconfigfile: pyproject.toml\nplugins: anyio-4.12.1\ncollected 1 item\n\ntests/test_flaky.py .                                                    [100%]\n\n============================== 1 passed in 0.15s ===============================\n",
      "stderr": "",
      "passed": true
    },
    {
      "attempt": 18,
      "exit_code": 0,
      "stdout": "============================= test session starts ==============================\nplatform darwin -- Python 3.13.11, pytest-9.0.2, pluggy-1.6.0\nrootdir: /private/var/folders/ws/932vsyg91mn3fgw919lm0tbw0000gn/T/tmp9jdwiplg\nconfigfile: pyproject.toml\nplugins: anyio-4.12.1\ncollected 1 item\n\ntests/test_flaky.py .                                                    [100%]\n\n============================== 1 passed in 0.14s ===============================\n",
      "stderr": "",
      "passed": true
    },
    {
      "attempt": 19,
      "exit_code": 0,
      "stdout": "============================= test session starts ==============================\nplatform darwin -- Python 3.13.11, pytest-9.0.2, pluggy-1.6.0\nrootdir: /private/var/folders/ws/932vsyg91mn3fgw919lm0tbw0000gn/T/tmp9jdwiplg\nconfigfile: pyproject.toml\nplugins: anyio-4.12.1\ncollected 1 item\n\ntests/test_flaky.py .                                                    [100%]\n\n============================== 1 passed in 0.11s ===============================\n",
      "stderr": "",
      "passed": true
    },
    {
      "attempt": 20,
      "exit_code": 0,
      "stdout": "============================= test session starts ==============================\nplatform darwin -- Python 3.13.11, pytest-9.0.2, pluggy-1.6.0\nrootdir: /private/var/folders/ws/932vsyg91mn3fgw919lm0tbw0000gn/T/tmp9jdwiplg\nconfigfile: pyproject.toml\nplugins: anyio-4.12.1\ncollected 1 item\n\ntests/test_flaky.py .                                                    [100%]\n\n============================== 1 passed in 0.11s ===============================\n",
      "stderr": "",
      "passed": true
    },
    {
      "attempt": 21,
      "exit_code": 0,
      "stdout": "============================= test session starts ==============================\nplatform darwin -- Python 3.13.11, pytest-9.0.2, pluggy-1.6.0\nrootdir: /private/var/folders/ws/932vsyg91mn3fgw919lm0tbw0000gn/T/tmp9jdwiplg\nconfigfile: pyproject.toml\nplugins: anyio-4.12.1\ncollected 1 item\n\ntests/test_flaky.py .                                                    [100%]\n\n============================== 1 passed in 0.09s ===============================\n",
      "stderr": "",
      "passed": true
    },
    {
      "attempt": 22,
      "exit_code": 1,
      "stdout": "============================= test session starts ==============================\nplatform darwin -- Python 3.13.11, pytest-9.0.2, pluggy-1.6.0\nrootdir: /private/var/folders/ws/932vsyg91mn3fgw919lm0tbw0000gn/T/tmp9jdwiplg\nconfigfile: pyproject.toml\nplugins: anyio-4.12.1\ncollected 1 item\n\ntests/test_flaky.py F                                                    [100%]\n\n=================================== FAILURES ===================================\n________________ test_order_processing_is_eventually_consistent ________________\n\n    def test_order_processing_is_eventually_consistent():\n        \"\"\"\n        This test simulates a classic real-world flake:\n        - timing sensitivity\n        - randomness\n        - implicit assumptions about consistency\n        \"\"\"\n        # Seed can be controlled externally (RunPod sets this)\n        seed = os.getenv(\"TEST_SEED\")\n        if seed:\n            random.seed(int(seed))\n        # Simulate async / eventual behavior\n        processing_time = random.uniform(0.0, 0.3)\n        time.sleep(processing_time)\n        # Simulate race condition / timing window\n        # 15\u201325% failure rate depending on timing + seed\n        success_threshold = 0.18\n>       assert (\n            processing_time < success_threshold\n        ), f\"Order not processed in time (took {processing_time:.3f}s)\"\nE       AssertionError: Order not processed in time (took 0.235s)\nE       assert 0.23532537376319254 < 0.18\n\ntests/test_flaky.py:23: AssertionError\n=========================== short test summary info ============================\nFAILED tests/test_flaky.py::test_order_processing_is_eventually_consistent - ...\n============================== 1 failed in 0.25s ===============================\n",
      "stderr": "",
      "passed": false
    },
    {
      "attempt": 23,
      "exit_code": 0,
      "stdout": "============================= test session starts ==============================\nplatform darwin -- Python 3.13.11, pytest-9.0.2, pluggy-1.6.0\nrootdir: /private/var/folders/ws/932vsyg91mn3fgw919lm0tbw0000gn/T/tmp9jdwiplg\nconfigfile: pyproject.toml\nplugins: anyio-4.12.1\ncollected 1 item\n\ntests/test_flaky.py .                                                    [100%]\n\n============================== 1 passed in 0.16s ===============================\n",
      "stderr": "",
      "passed": true
    },
    {
      "attempt": 24,
      "exit_code": 0,
      "stdout": "============================= test session starts ==============================\nplatform darwin -- Python 3.13.11, pytest-9.0.2, pluggy-1.6.0\nrootdir: /private/var/folders/ws/932vsyg91mn3fgw919lm0tbw0000gn/T/tmp9jdwiplg\nconfigfile: pyproject.toml\nplugins: anyio-4.12.1\ncollected 1 item\n\ntests/test_flaky.py .                                                    [100%]\n\n============================== 1 passed in 0.09s ===============================\n",
      "stderr": "",
      "passed": true
    },
    {
      "attempt": 25,
      "exit_code": 0,
      "stdout": "============================= test session starts ==============================\nplatform darwin -- Python 3.13.11, pytest-9.0.2, pluggy-1.6.0\nrootdir: /private/var/folders/ws/932vsyg91mn3fgw919lm0tbw0000gn/T/tmp9jdwiplg\nconfigfile: pyproject.toml\nplugins: anyio-4.12.1\ncollected 1 item\n\ntests/test_flaky.py .                                                    [100%]\n\n============================== 1 passed in 0.17s ===============================\n",
      "stderr": "",
      "passed": true
    },
    {
      "attempt": 26,
      "exit_code": 0,
      "stdout": "============================= test session starts ==============================\nplatform darwin -- Python 3.13.11, pytest-9.0.2, pluggy-1.6.0\nrootdir: /private/var/folders/ws/932vsyg91mn3fgw919lm0tbw0000gn/T/tmp9jdwiplg\nconfigfile: pyproject.toml\nplugins: anyio-4.12.1\ncollected 1 item\n\ntests/test_flaky.py .                                                    [100%]\n\n============================== 1 passed in 0.04s ===============================\n",
      "stderr": "",
      "passed": true
    },
    {
      "attempt": 27,
      "exit_code": 1,
      "stdout": "============================= test session starts ==============================\nplatform darwin -- Python 3.13.11, pytest-9.0.2, pluggy-1.6.0\nrootdir: /private/var/folders/ws/932vsyg91mn3fgw919lm0tbw0000gn/T/tmp9jdwiplg\nconfigfile: pyproject.toml\nplugins: anyio-4.12.1\ncollected 1 item\n\ntests/test_flaky.py F                                                    [100%]\n\n=================================== FAILURES ===================================\n________________ test_order_processing_is_eventually_consistent ________________\n\n    def test_order_processing_is_eventually_consistent():\n        \"\"\"\n        This test simulates a classic real-world flake:\n        - timing sensitivity\n        - randomness\n        - implicit assumptions about consistency\n        \"\"\"\n        # Seed can be controlled externally (RunPod sets this)\n        seed = os.getenv(\"TEST_SEED\")\n        if seed:\n            random.seed(int(seed))\n        # Simulate async / eventual behavior\n        processing_time = random.uniform(0.0, 0.3)\n        time.sleep(processing_time)\n        # Simulate race condition / timing window\n        # 15\u201325% failure rate depending on timing + seed\n        success_threshold = 0.18\n>       assert (\n            processing_time < success_threshold\n        ), f\"Order not processed in time (took {processing_time:.3f}s)\"\nE       AssertionError: Order not processed in time (took 0.280s)\nE       assert 0.28002327117481424 < 0.18\n\ntests/test_flaky.py:23: AssertionError\n=========================== short test summary info ============================\nFAILED tests/test_flaky.py::test_order_processing_is_eventually_consistent - ...\n============================== 1 failed in 0.30s ===============================\n",
      "stderr": "",
      "passed": false
    },
    {
      "attempt": 28,
      "exit_code": 0,
      "stdout": "============================= test session starts ==============================\nplatform darwin -- Python 3.13.11, pytest-9.0.2, pluggy-1.6.0\nrootdir: /private/var/folders/ws/932vsyg91mn3fgw919lm0tbw0000gn/T/tmp9jdwiplg\nconfigfile: pyproject.toml\nplugins: anyio-4.12.1\ncollected 1 item\n\ntests/test_flaky.py .                                                    [100%]\n\n============================== 1 passed in 0.16s ===============================\n",
      "stderr": "",
      "passed": true
    },
    {
      "attempt": 29,
      "exit_code": 1,
      "stdout": "============================= test session starts ==============================\nplatform darwin -- Python 3.13.11, pytest-9.0.2, pluggy-1.6.0\nrootdir: /private/var/folders/ws/932vsyg91mn3fgw919lm0tbw0000gn/T/tmp9jdwiplg\nconfigfile: pyproject.toml\nplugins: anyio-4.12.1\ncollected 1 item\n\ntests/test_flaky.py F                                                    [100%]\n\n=================================== FAILURES ===================================\n________________ test_order_processing_is_eventually_consistent ________________\n\n    def test_order_processing_is_eventually_consistent():\n        \"\"\"\n        This test simulates a classic real-world flake:\n        - timing sensitivity\n        - randomness\n        - implicit assumptions about consistency\n        \"\"\"\n        # Seed can be controlled externally (RunPod sets this)\n        seed = os.getenv(\"TEST_SEED\")\n        if seed:\n            random.seed(int(seed))\n        # Simulate async / eventual behavior\n        processing_time = random.uniform(0.0, 0.3)\n        time.sleep(processing_time)\n        # Simulate race condition / timing window\n        # 15\u201325% failure rate depending on timing + seed\n        success_threshold = 0.18\n>       assert (\n            processing_time < success_threshold\n        ), f\"Order not processed in time (took {processing_time:.3f}s)\"\nE       AssertionError: Order not processed in time (took 0.217s)\nE       assert 0.21676067317030426 < 0.18\n\ntests/test_flaky.py:23: AssertionError\n=========================== short test summary info ============================\nFAILED tests/test_flaky.py::test_order_processing_is_eventually_consistent - ...\n============================== 1 failed in 0.24s ===============================\n",
      "stderr": "",
      "passed": false
    },
    {
      "attempt": 30,
      "exit_code": 1,
      "stdout": "============================= test session starts ==============================\nplatform darwin -- Python 3.13.11, pytest-9.0.2, pluggy-1.6.0\nrootdir: /private/var/folders/ws/932vsyg91mn3fgw919lm0tbw0000gn/T/tmp9jdwiplg\nconfigfile: pyproject.toml\nplugins: anyio-4.12.1\ncollected 1 item\n\ntests/test_flaky.py F                                                    [100%]\n\n=================================== FAILURES ===================================\n________________ test_order_processing_is_eventually_consistent ________________\n\n    def test_order_processing_is_eventually_consistent():\n        \"\"\"\n        This test simulates a classic real-world flake:\n        - timing sensitivity\n        - randomness\n        - implicit assumptions about consistency\n        \"\"\"\n        # Seed can be controlled externally (RunPod sets this)\n        seed = os.getenv(\"TEST_SEED\")\n        if seed:\n            random.seed(int(seed))\n        # Simulate async / eventual behavior\n        processing_time = random.uniform(0.0, 0.3)\n        time.sleep(processing_time)\n        # Simulate race condition / timing window\n        # 15\u201325% failure rate depending on timing + seed\n        success_threshold = 0.18\n>       assert (\n            processing_time < success_threshold\n        ), f\"Order not processed in time (took {processing_time:.3f}s)\"\nE       AssertionError: Order not processed in time (took 0.201s)\nE       assert 0.20129812941373526 < 0.18\n\ntests/test_flaky.py:23: AssertionError\n=========================== short test summary info ============================\nFAILED tests/test_flaky.py::test_order_processing_is_eventually_consistent - ...\n============================== 1 failed in 0.22s ===============================\n",
      "stderr": "",
      "passed": false
    },
    {
      "attempt": 31,
      "exit_code": 1,
      "stdout": "============================= test session starts ==============================\nplatform darwin -- Python 3.13.11, pytest-9.0.2, pluggy-1.6.0\nrootdir: /private/var/folders/ws/932vsyg91mn3fgw919lm0tbw0000gn/T/tmp9jdwiplg\nconfigfile: pyproject.toml\nplugins: anyio-4.12.1\ncollected 1 item\n\ntests/test_flaky.py F                                                    [100%]\n\n=================================== FAILURES ===================================\n________________ test_order_processing_is_eventually_consistent ________________\n\n    def test_order_processing_is_eventually_consistent():\n        \"\"\"\n        This test simulates a classic real-world flake:\n        - timing sensitivity\n        - randomness\n        - implicit assumptions about consistency\n        \"\"\"\n        # Seed can be controlled externally (RunPod sets this)\n        seed = os.getenv(\"TEST_SEED\")\n        if seed:\n            random.seed(int(seed))\n        # Simulate async / eventual behavior\n        processing_time = random.uniform(0.0, 0.3)\n        time.sleep(processing_time)\n        # Simulate race condition / timing window\n        # 15\u201325% failure rate depending on timing + seed\n        success_threshold = 0.18\n>       assert (\n            processing_time < success_threshold\n        ), f\"Order not processed in time (took {processing_time:.3f}s)\"\nE       AssertionError: Order not processed in time (took 0.184s)\nE       assert 0.18405018037826912 < 0.18\n\ntests/test_flaky.py:23: AssertionError\n=========================== short test summary info ============================\nFAILED tests/test_flaky.py::test_order_processing_is_eventually_consistent - ...\n============================== 1 failed in 0.20s ===============================\n",
      "stderr": "",
      "passed": false
    },
    {
      "attempt": 32,
      "exit_code": 1,
      "stdout": "============================= test session starts ==============================\nplatform darwin -- Python 3.13.11, pytest-9.0.2, pluggy-1.6.0\nrootdir: /private/var/folders/ws/932vsyg91mn3fgw919lm0tbw0000gn/T/tmp9jdwiplg\nconfigfile: pyproject.toml\nplugins: anyio-4.12.1\ncollected 1 item\n\ntests/test_flaky.py F                                                    [100%]\n\n=================================== FAILURES ===================================\n________________ test_order_processing_is_eventually_consistent ________________\n\n    def test_order_processing_is_eventually_consistent():\n        \"\"\"\n        This test simulates a classic real-world flake:\n        - timing sensitivity\n        - randomness\n        - implicit assumptions about consistency\n        \"\"\"\n        # Seed can be controlled externally (RunPod sets this)\n        seed = os.getenv(\"TEST_SEED\")\n        if seed:\n            random.seed(int(seed))\n        # Simulate async / eventual behavior\n        processing_time = random.uniform(0.0, 0.3)\n        time.sleep(processing_time)\n        # Simulate race condition / timing window\n        # 15\u201325% failure rate depending on timing + seed\n        success_threshold = 0.18\n>       assert (\n            processing_time < success_threshold\n        ), f\"Order not processed in time (took {processing_time:.3f}s)\"\nE       AssertionError: Order not processed in time (took 0.261s)\nE       assert 0.26068027432569046 < 0.18\n\ntests/test_flaky.py:23: AssertionError\n=========================== short test summary info ============================\nFAILED tests/test_flaky.py::test_order_processing_is_eventually_consistent - ...\n============================== 1 failed in 0.28s ===============================\n",
      "stderr": "",
      "passed": false
    },
    {
      "attempt": 33,
      "exit_code": 0,
      "stdout": "============================= test session starts ==============================\nplatform darwin -- Python 3.13.11, pytest-9.0.2, pluggy-1.6.0\nrootdir: /private/var/folders/ws/932vsyg91mn3fgw919lm0tbw0000gn/T/tmp9jdwiplg\nconfigfile: pyproject.toml\nplugins: anyio-4.12.1\ncollected 1 item\n\ntests/test_flaky.py .                                                    [100%]\n\n============================== 1 passed in 0.18s ===============================\n",
      "stderr": "",
      "passed": true
    },
    {
      "attempt": 34,
      "exit_code": 0,
      "stdout": "============================= test session starts ==============================\nplatform darwin -- Python 3.13.11, pytest-9.0.2, pluggy-1.6.0\nrootdir: /private/var/folders/ws/932vsyg91mn3fgw919lm0tbw0000gn/T/tmp9jdwiplg\nconfigfile: pyproject.toml\nplugins: anyio-4.12.1\ncollected 1 item\n\ntests/test_flaky.py .                                                    [100%]\n\n============================== 1 passed in 0.04s ===============================\n",
      "stderr": "",
      "passed": true
    },
    {
      "attempt": 35,
      "exit_code": 1,
      "stdout": "============================= test session starts ==============================\nplatform darwin -- Python 3.13.11, pytest-9.0.2, pluggy-1.6.0\nrootdir: /private/var/folders/ws/932vsyg91mn3fgw919lm0tbw0000gn/T/tmp9jdwiplg\nconfigfile: pyproject.toml\nplugins: anyio-4.12.1\ncollected 1 item\n\ntests/test_flaky.py F                                                    [100%]\n\n=================================== FAILURES ===================================\n________________ test_order_processing_is_eventually_consistent ________________\n\n    def test_order_processing_is_eventually_consistent():\n        \"\"\"\n        This test simulates a classic real-world flake:\n        - timing sensitivity\n        - randomness\n        - implicit assumptions about consistency\n        \"\"\"\n        # Seed can be controlled externally (RunPod sets this)\n        seed = os.getenv(\"TEST_SEED\")\n        if seed:\n            random.seed(int(seed))\n        # Simulate async / eventual behavior\n        processing_time = random.uniform(0.0, 0.3)\n        time.sleep(processing_time)\n        # Simulate race condition / timing window\n        # 15\u201325% failure rate depending on timing + seed\n        success_threshold = 0.18\n>       assert (\n            processing_time < success_threshold\n        ), f\"Order not processed in time (took {processing_time:.3f}s)\"\nE       AssertionError: Order not processed in time (took 0.262s)\nE       assert 0.2622190817558044 < 0.18\n\ntests/test_flaky.py:23: AssertionError\n=========================== short test summary info ============================\nFAILED tests/test_flaky.py::test_order_processing_is_eventually_consistent - ...\n============================== 1 failed in 0.28s ===============================\n",
      "stderr": "",
      "passed": false
    },
    {
      "attempt": 36,
      "exit_code": 0,
      "stdout": "============================= test session starts ==============================\nplatform darwin -- Python 3.13.11, pytest-9.0.2, pluggy-1.6.0\nrootdir: /private/var/folders/ws/932vsyg91mn3fgw919lm0tbw0000gn/T/tmp9jdwiplg\nconfigfile: pyproject.toml\nplugins: anyio-4.12.1\ncollected 1 item\n\ntests/test_flaky.py .                                                    [100%]\n\n============================== 1 passed in 0.06s ===============================\n",
      "stderr": "",
      "passed": true
    },
    {
      "attempt": 37,
      "exit_code": 0,
      "stdout": "============================= test session starts ==============================\nplatform darwin -- Python 3.13.11, pytest-9.0.2, pluggy-1.6.0\nrootdir: /private/var/folders/ws/932vsyg91mn3fgw919lm0tbw0000gn/T/tmp9jdwiplg\nconfigfile: pyproject.toml\nplugins: anyio-4.12.1\ncollected 1 item\n\ntests/test_flaky.py .                                                    [100%]\n\n============================== 1 passed in 0.08s ===============================\n",
      "stderr": "",
      "passed": true
    },
    {
      "attempt": 38,
      "exit_code": 1,
      "stdout": "============================= test session starts ==============================\nplatform darwin -- Python 3.13.11, pytest-9.0.2, pluggy-1.6.0\nrootdir: /private/var/folders/ws/932vsyg91mn3fgw919lm0tbw0000gn/T/tmp9jdwiplg\nconfigfile: pyproject.toml\nplugins: anyio-4.12.1\ncollected 1 item\n\ntests/test_flaky.py F                                                    [100%]\n\n=================================== FAILURES ===================================\n________________ test_order_processing_is_eventually_consistent ________________\n\n    def test_order_processing_is_eventually_consistent():\n        \"\"\"\n        This test simulates a classic real-world flake:\n        - timing sensitivity\n        - randomness\n        - implicit assumptions about consistency\n        \"\"\"\n        # Seed can be controlled externally (RunPod sets this)\n        seed = os.getenv(\"TEST_SEED\")\n        if seed:\n            random.seed(int(seed))\n        # Simulate async / eventual behavior\n        processing_time = random.uniform(0.0, 0.3)\n        time.sleep(processing_time)\n        # Simulate race condition / timing window\n        # 15\u201325% failure rate depending on timing + seed\n        success_threshold = 0.18\n>       assert (\n            processing_time < success_threshold\n        ), f\"Order not processed in time (took {processing_time:.3f}s)\"\nE       AssertionError: Order not processed in time (took 0.186s)\nE       assert 0.1856558314527079 < 0.18\n\ntests/test_flaky.py:23: AssertionError\n=========================== short test summary info ============================\nFAILED tests/test_flaky.py::test_order_processing_is_eventually_consistent - ...\n============================== 1 failed in 0.20s ===============================\n",
      "stderr": "",
      "passed": false
    },
    {
      "attempt": 39,
      "exit_code": 0,
      "stdout": "============================= test session starts ==============================\nplatform darwin -- Python 3.13.11, pytest-9.0.2, pluggy-1.6.0\nrootdir: /private/var/folders/ws/932vsyg91mn3fgw919lm0tbw0000gn/T/tmp9jdwiplg\nconfigfile: pyproject.toml\nplugins: anyio-4.12.1\ncollected 1 item\n\ntests/test_flaky.py .                                                    [100%]\n\n============================== 1 passed in 0.10s ===============================\n",
      "stderr": "",
      "passed": true
    },
    {
      "attempt": 40,
      "exit_code": 0,
      "stdout": "============================= test session starts ==============================\nplatform darwin -- Python 3.13.11, pytest-9.0.2, pluggy-1.6.0\nrootdir: /private/var/folders/ws/932vsyg91mn3fgw919lm0tbw0000gn/T/tmp9jdwiplg\nconfigfile: pyproject.toml\nplugins: anyio-4.12.1\ncollected 1 item\n\ntests/test_flaky.py .                                                    [100%]\n\n============================== 1 passed in 0.17s ===============================\n",
      "stderr": "",
      "passed": true
    },
    {
      "attempt": 41,
      "exit_code": 1,
      "stdout": "============================= test session starts ==============================\nplatform darwin -- Python 3.13.11, pytest-9.0.2, pluggy-1.6.0\nrootdir: /private/var/folders/ws/932vsyg91mn3fgw919lm0tbw0000gn/T/tmp9jdwiplg\nconfigfile: pyproject.toml\nplugins: anyio-4.12.1\ncollected 1 item\n\ntests/test_flaky.py F                                                    [100%]\n\n=================================== FAILURES ===================================\n________________ test_order_processing_is_eventually_consistent ________________\n\n    def test_order_processing_is_eventually_consistent():\n        \"\"\"\n        This test simulates a classic real-world flake:\n        - timing sensitivity\n        - randomness\n        - implicit assumptions about consistency\n        \"\"\"\n        # Seed can be controlled externally (RunPod sets this)\n        seed = os.getenv(\"TEST_SEED\")\n        if seed:\n            random.seed(int(seed))\n        # Simulate async / eventual behavior\n        processing_time = random.uniform(0.0, 0.3)\n        time.sleep(processing_time)\n        # Simulate race condition / timing window\n        # 15\u201325% failure rate depending on timing + seed\n        success_threshold = 0.18\n>       assert (\n            processing_time < success_threshold\n        ), f\"Order not processed in time (took {processing_time:.3f}s)\"\nE       AssertionError: Order not processed in time (took 0.193s)\nE       assert 0.19311785502928927 < 0.18\n\ntests/test_flaky.py:23: AssertionError\n=========================== short test summary info ============================\nFAILED tests/test_flaky.py::test_order_processing_is_eventually_consistent - ...\n============================== 1 failed in 0.21s ===============================\n",
      "stderr": "",
      "passed": false
    },
    {
      "attempt": 42,
      "exit_code": 0,
      "stdout": "============================= test session starts ==============================\nplatform darwin -- Python 3.13.11, pytest-9.0.2, pluggy-1.6.0\nrootdir: /private/var/folders/ws/932vsyg91mn3fgw919lm0tbw0000gn/T/tmp9jdwiplg\nconfigfile: pyproject.toml\nplugins: anyio-4.12.1\ncollected 1 item\n\ntests/test_flaky.py .                                                    [100%]\n\n============================== 1 passed in 0.19s ===============================\n",
      "stderr": "",
      "passed": true
    },
    {
      "attempt": 43,
      "exit_code": 0,
      "stdout": "============================= test session starts ==============================\nplatform darwin -- Python 3.13.11, pytest-9.0.2, pluggy-1.6.0\nrootdir: /private/var/folders/ws/932vsyg91mn3fgw919lm0tbw0000gn/T/tmp9jdwiplg\nconfigfile: pyproject.toml\nplugins: anyio-4.12.1\ncollected 1 item\n\ntests/test_flaky.py .                                                    [100%]\n\n============================== 1 passed in 0.10s ===============================\n",
      "stderr": "",
      "passed": true
    },
    {
      "attempt": 44,
      "exit_code": 0,
      "stdout": "============================= test session starts ==============================\nplatform darwin -- Python 3.13.11, pytest-9.0.2, pluggy-1.6.0\nrootdir: /private/var/folders/ws/932vsyg91mn3fgw919lm0tbw0000gn/T/tmp9jdwiplg\nconfigfile: pyproject.toml\nplugins: anyio-4.12.1\ncollected 1 item\n\ntests/test_flaky.py .                                                    [100%]\n\n============================== 1 passed in 0.02s ===============================\n",
      "stderr": "",
      "passed": true
    },
    {
      "attempt": 45,
      "exit_code": 0,
      "stdout": "============================= test session starts ==============================\nplatform darwin -- Python 3.13.11, pytest-9.0.2, pluggy-1.6.0\nrootdir: /private/var/folders/ws/932vsyg91mn3fgw919lm0tbw0000gn/T/tmp9jdwiplg\nconfigfile: pyproject.toml\nplugins: anyio-4.12.1\ncollected 1 item\n\ntests/test_flaky.py .                                                    [100%]\n\n============================== 1 passed in 0.06s ===============================\n",
      "stderr": "",
      "passed": true
    },
    {
      "attempt": 46,
      "exit_code": 1,
      "stdout": "============================= test session starts ==============================\nplatform darwin -- Python 3.13.11, pytest-9.0.2, pluggy-1.6.0\nrootdir: /private/var/folders/ws/932vsyg91mn3fgw919lm0tbw0000gn/T/tmp9jdwiplg\nconfigfile: pyproject.toml\nplugins: anyio-4.12.1\ncollected 1 item\n\ntests/test_flaky.py F                                                    [100%]\n\n=================================== FAILURES ===================================\n________________ test_order_processing_is_eventually_consistent ________________\n\n    def test_order_processing_is_eventually_consistent():\n        \"\"\"\n        This test simulates a classic real-world flake:\n        - timing sensitivity\n        - randomness\n        - implicit assumptions about consistency\n        \"\"\"\n        # Seed can be controlled externally (RunPod sets this)\n        seed = os.getenv(\"TEST_SEED\")\n        if seed:\n            random.seed(int(seed))\n        # Simulate async / eventual behavior\n        processing_time = random.uniform(0.0, 0.3)\n        time.sleep(processing_time)\n        # Simulate race condition / timing window\n        # 15\u201325% failure rate depending on timing + seed\n        success_threshold = 0.18\n>       assert (\n            processing_time < success_threshold\n        ), f\"Order not processed in time (took {processing_time:.3f}s)\"\nE       AssertionError: Order not processed in time (took 0.232s)\nE       assert 0.23166346904214877 < 0.18\n\ntests/test_flaky.py:23: AssertionError\n=========================== short test summary info ============================\nFAILED tests/test_flaky.py::test_order_processing_is_eventually_consistent - ...\n============================== 1 failed in 0.25s ===============================\n",
      "stderr": "",
      "passed": false
    },
    {
      "attempt": 47,
      "exit_code": 1,
      "stdout": "============================= test session starts ==============================\nplatform darwin -- Python 3.13.11, pytest-9.0.2, pluggy-1.6.0\nrootdir: /private/var/folders/ws/932vsyg91mn3fgw919lm0tbw0000gn/T/tmp9jdwiplg\nconfigfile: pyproject.toml\nplugins: anyio-4.12.1\ncollected 1 item\n\ntests/test_flaky.py F                                                    [100%]\n\n=================================== FAILURES ===================================\n________________ test_order_processing_is_eventually_consistent ________________\n\n    def test_order_processing_is_eventually_consistent():\n        \"\"\"\n        This test simulates a classic real-world flake:\n        - timing sensitivity\n        - randomness\n        - implicit assumptions about consistency\n        \"\"\"\n        # Seed can be controlled externally (RunPod sets this)\n        seed = os.getenv(\"TEST_SEED\")\n        if seed:\n            random.seed(int(seed))\n        # Simulate async / eventual behavior\n        processing_time = random.uniform(0.0, 0.3)\n        time.sleep(processing_time)\n        # Simulate race condition / timing window\n        # 15\u201325% failure rate depending on timing + seed\n        success_threshold = 0.18\n>       assert (\n            processing_time < success_threshold\n        ), f\"Order not processed in time (took {processing_time:.3f}s)\"\nE       AssertionError: Order not processed in time (took 0.280s)\nE       assert 0.2799049526843408 < 0.18\n\ntests/test_flaky.py:23: AssertionError\n=========================== short test summary info ============================\nFAILED tests/test_flaky.py::test_order_processing_is_eventually_consistent - ...\n============================== 1 failed in 0.30s ===============================\n",
      "stderr": "",
      "passed": false
    },
    {
      "attempt": 48,
      "exit_code": 1,
      "stdout": "============================= test session starts ==============================\nplatform darwin -- Python 3.13.11, pytest-9.0.2, pluggy-1.6.0\nrootdir: /private/var/folders/ws/932vsyg91mn3fgw919lm0tbw0000gn/T/tmp9jdwiplg\nconfigfile: pyproject.toml\nplugins: anyio-4.12.1\ncollected 1 item\n\ntests/test_flaky.py F                                                    [100%]\n\n=================================== FAILURES ===================================\n________________ test_order_processing_is_eventually_consistent ________________\n\n    def test_order_processing_is_eventually_consistent():\n        \"\"\"\n        This test simulates a classic real-world flake:\n        - timing sensitivity\n        - randomness\n        - implicit assumptions about consistency\n        \"\"\"\n        # Seed can be controlled externally (RunPod sets this)\n        seed = os.getenv(\"TEST_SEED\")\n        if seed:\n            random.seed(int(seed))\n        # Simulate async / eventual behavior\n        processing_time = random.uniform(0.0, 0.3)\n        time.sleep(processing_time)\n        # Simulate race condition / timing window\n        # 15\u201325% failure rate depending on timing + seed\n        success_threshold = 0.18\n>       assert (\n            processing_time < success_threshold\n        ), f\"Order not processed in time (took {processing_time:.3f}s)\"\nE       AssertionError: Order not processed in time (took 0.253s)\nE       assert 0.25328772561311275 < 0.18\n\ntests/test_flaky.py:23: AssertionError\n=========================== short test summary info ============================\nFAILED tests/test_flaky.py::test_order_processing_is_eventually_consistent - ...\n============================== 1 failed in 0.27s ===============================\n",
      "stderr": "",
      "passed": false
    },
    {
      "attempt": 49,
      "exit_code": 0,
      "stdout": "============================= test session starts ==============================\nplatform darwin -- Python 3.13.11, pytest-9.0.2, pluggy-1.6.0\nrootdir: /private/var/folders/ws/932vsyg91mn3fgw919lm0tbw0000gn/T/tmp9jdwiplg\nconfigfile: pyproject.toml\nplugins: anyio-4.12.1\ncollected 1 item\n\ntests/test_flaky.py .                                                    [100%]\n\n============================== 1 passed in 0.18s ===============================\n",
      "stderr": "",
      "passed": true
    }
  ]
}